<?xml version="1.0" encoding="UTF-8"?>
<!-- Generated by org.testng.reporters.JUnitXMLReporter -->
<testsuite hostname="darthsidious" name="Test" tests="2" failures="1" timestamp="30 Oct 2011 13:58:22 GMT" time="0.026" errors="0">
  <testcase name="testFriendEjbIsNotNull" time="0.011" classname="unit.FriendEJBTest">
    <failure type="java.lang.AssertionError" message="friendEjb must not be null expected object to not be null">
      <![CDATA[java.lang.AssertionError: friendEjb must not be null expected object to not be null
	at unit.FriendEJBTest.testFriendEjbIsNotNull(FriendEJBTest.java:35)
... Removed 26 stack frames]]>
    </failure>
  </testcase>
  <testcase name="testTheTruth" time="0.001" classname="unit.FriendEJBTest"/>
</testsuite>
