<?xml version="1.0" encoding="UTF-8" ?>
<testsuite failures="0" time="0.337" errors="0" skipped="0" tests="4" name="TestSuite">
  <properties>
[...]
</properties>
  <testcase time="0.012" classname="unit.util.CommonMathTest" name="testFactorialFive"/>
  <testcase time="0" classname="unit.util.CommonMathTest" name="testFactorialNegative"/>
  <testcase time="0.001" classname="unit.util.CommonMathTest" name="testFactorialZero"/>
  <testcase time="0.001" classname="unit.util.CommonMathTest" name="testTheTruth"/>
</testsuite>