<?xml version="1.0" encoding="UTF-8"?>
<!-- Generated by org.testng.reporters.JUnitXMLReporter -->
<testsuite hostname="darthsidious" name="StandardTest" tests="4" failures="0" timestamp="30 Oct 2011 14:33:42 GMT" time="0.037" errors="0">
  <testcase name="testFactorialFive" time="0.017" classname="unit.util.CommonMathTest"/>
  <testcase name="testFactorialNegative" time="0.001" classname="unit.util.CommonMathTest"/>
  <testcase name="testFactorialZero" time="0.001" classname="unit.util.CommonMathTest"/>
  <testcase name="testTheTruth" time="0.001" classname="unit.util.CommonMathTest"/>
</testsuite>
